657474.1415278547
636422.603741395
630960.1485370132
628404.3649088081
626363.9277188643
624598.3893007879
623065.8360350177
621754.3707010329
620625.4872969332
619662.5411525944
618836.4917256797
618133.6416848673
617532.4292647442
617021.9987877943
616586.3059880293
616216.9929997864
615902.237711311
615635.7410556964
615408.8555051977
615216.9149256663
615053.6256252734
614915.5671220701
614798.1784584204
614698.9704920173
614614.6462063111
614543.4036698054
614482.8647416289
614431.7289057854
614388.2832097278
614351.5919365262
614320.4220606148
614294.1013240423
614271.7431728796
614252.8650660422
614236.8297142312
614223.2912899157
614211.7919253572
614202.083664892
614193.8376654923
614186.876434191
614180.9636661864
614175.9723208293
614171.732833433
614168.1539516373
614165.1142058901
614162.548296965
614160.3687698299
614158.5289591614
614156.9662830167
614155.6473194091
614154.5269069227
614153.5811693564
614152.7778610346
614152.0998634502
614151.5239436972
614151.0377349604
614150.6248534699
614150.2763060217
614149.9802461045
614149.7303668763
614149.5180052335
614149.3388542333
